Warning: SPDX license identifier not provided in source file. Before publishing, consider adding a comment containing "SPDX-License-Identifier: <SPDX-License>" to each source file. Use "SPDX-License-Identifier: UNLICENSED" for non-open-source code. Please see https://spdx.org for more information.
--> ./contracts/open-zeppelin/Address.sol

Warning: SPDX license identifier not provided in source file. Before publishing, consider adding a comment containing "SPDX-License-Identifier: <SPDX-License>" to each source file. Use "SPDX-License-Identifier: UNLICENSED" for non-open-source code. Please see https://spdx.org for more information.
--> ./contracts/open-zeppelin/BaseAdminUpgradeabilityProxy.sol

Warning: SPDX license identifier not provided in source file. Before publishing, consider adding a comment containing "SPDX-License-Identifier: <SPDX-License>" to each source file. Use "SPDX-License-Identifier: UNLICENSED" for non-open-source code. Please see https://spdx.org for more information.
--> ./contracts/open-zeppelin/BaseUpgradeabilityProxy.sol

Warning: SPDX license identifier not provided in source file. Before publishing, consider adding a comment containing "SPDX-License-Identifier: <SPDX-License>" to each source file. Use "SPDX-License-Identifier: UNLICENSED" for non-open-source code. Please see https://spdx.org for more information.
--> ./contracts/open-zeppelin/Proxy.sol

Warning: SPDX license identifier not provided in source file. Before publishing, consider adding a comment containing "SPDX-License-Identifier: <SPDX-License>" to each source file. Use "SPDX-License-Identifier: UNLICENSED" for non-open-source code. Please see https://spdx.org for more information.
--> ./contracts/open-zeppelin/SafeMath.sol

Warning: SPDX license identifier not provided in source file. Before publishing, consider adding a comment containing "SPDX-License-Identifier: <SPDX-License>" to each source file. Use "SPDX-License-Identifier: UNLICENSED" for non-open-source code. Please see https://spdx.org for more information.
--> ./contracts/open-zeppelin/UpgradeabilityProxy.sol

Warning: This contract has a payable fallback function, but no receive ether function. Consider adding a receive ether function.
  --> ./contracts/open-zeppelin/BaseAdminUpgradeabilityProxy.sol:13:1:
   |
13 | contract BaseAdminUpgradeabilityProxy is BaseUpgradeabilityProxy {
   | ^ (Relevant source part starts here and spans across multiple lines).
Note: The payable fallback function is defined here.
  --> ./contracts/open-zeppelin/Proxy.sol:15:3:
   |
15 |   fallback () payable external {
   |   ^ (Relevant source part starts here and spans across multiple lines).

Warning: This contract has a payable fallback function, but no receive ether function. Consider adding a receive ether function.
  --> ./contracts/open-zeppelin/InitializableUpgradeabilityProxy.sol:11:1:
   |
11 | contract InitializableUpgradeabilityProxy is BaseUpgradeabilityProxy {
   | ^ (Relevant source part starts here and spans across multiple lines).
Note: The payable fallback function is defined here.
  --> ./contracts/open-zeppelin/Proxy.sol:15:3:
   |
15 |   fallback () payable external {
   |   ^ (Relevant source part starts here and spans across multiple lines).

Warning: This contract has a payable fallback function, but no receive ether function. Consider adding a receive ether function.
  --> ./contracts/open-zeppelin/InitializableAdminUpgradeabilityProxy.sol:12:1:
   |
12 | contract InitializableAdminUpgradeabilityProxy is BaseAdminUpgradeabilityProxy, InitializableUpgradeabilityProxy {
   | ^ (Relevant source part starts here and spans across multiple lines).
Note: The payable fallback function is defined here.
  --> ./contracts/open-zeppelin/Proxy.sol:15:3:
   |
15 |   fallback () payable external {
   |   ^ (Relevant source part starts here and spans across multiple lines).

Warning: Unused function parameter. Remove or comment out the variable name to silence this warning.
 --> ./contracts/utils/MockTransferHook.sol:9:25:
  |
9 |     function onTransfer(address from, address to, uint256 amount) external override {
  |                         ^^^^^^^^^^^^

Warning: Unused function parameter. Remove or comment out the variable name to silence this warning.
 --> ./contracts/utils/MockTransferHook.sol:9:39:
  |
9 |     function onTransfer(address from, address to, uint256 amount) external override {
  |                                       ^^^^^^^^^^

Warning: Unused function parameter. Remove or comment out the variable name to silence this warning.
 --> ./contracts/utils/MockTransferHook.sol:9:51:
  |
9 |     function onTransfer(address from, address to, uint256 amount) external override {
  |                                                   ^^^^^^^^^^^^^^

